<?xml version="1.0" encoding="UTF-8"?>
<!-- Generated by org.testng.reporters.JUnitXMLReporter -->
<testsuite ignored="0" hostname="DESKTOP-AOKPDUC" failures="0" tests="4" name="UserModule" time="16.633" errors="0" timestamp="2024-03-11T09:16:56 IST">
  <testcase classname="api.test.UserApiTest2" name="testPostUser" time="6.548"/>
  <testcase classname="api.test.UserApiTest2" name="testGetUser" time="2.617"/>
  <testcase classname="api.test.UserApiTest2" name="testUpdateUser" time="2.237"/>
  <testcase classname="api.test.UserApiTest2" name="testDeleteUser" time="2.874"/>
</testsuite> <!-- UserModule -->
