<?xml version="1.0" encoding="UTF-8"?>
<testng-results ignored="0" total="4" passed="4" failed="0" skipped="0">
  <reporter-output>
  </reporter-output>
  <suite started-at="2024-03-11T09:16:39 IST" name="ApiSuite" finished-at="2024-03-11T09:16:55 IST" duration-ms="16633">
    <groups>
    </groups>
    <test started-at="2024-03-11T09:16:39 IST" name="UserModule" finished-at="2024-03-11T09:16:55 IST" duration-ms="16633">
      <class name="api.test.UserApiTest2">
        <test-method is-config="true" signature="setUpData()[pri:0, instance:api.test.UserApiTest2@18df8434]" started-at="2024-03-11T09:16:39 IST" name="setUpData" finished-at="2024-03-11T09:16:41 IST" duration-ms="1720" status="PASS">
          <reporter-output>
          </reporter-output>
        </test-method> <!-- setUpData -->
        <test-method signature="testPostUser()[pri:1, instance:api.test.UserApiTest2@18df8434]" started-at="2024-03-11T09:16:41 IST" name="testPostUser" finished-at="2024-03-11T09:16:48 IST" duration-ms="6548" status="PASS">
          <reporter-output>
          </reporter-output>
        </test-method> <!-- testPostUser -->
        <test-method signature="testGetUser()[pri:2, instance:api.test.UserApiTest2@18df8434]" started-at="2024-03-11T09:16:48 IST" name="testGetUser" finished-at="2024-03-11T09:16:50 IST" duration-ms="2617" status="PASS">
          <reporter-output>
          </reporter-output>
        </test-method> <!-- testGetUser -->
        <test-method signature="testUpdateUser()[pri:3, instance:api.test.UserApiTest2@18df8434]" started-at="2024-03-11T09:16:50 IST" name="testUpdateUser" finished-at="2024-03-11T09:16:53 IST" duration-ms="2237" status="PASS">
          <reporter-output>
          </reporter-output>
        </test-method> <!-- testUpdateUser -->
        <test-method signature="testDeleteUser()[pri:4, instance:api.test.UserApiTest2@18df8434]" started-at="2024-03-11T09:16:53 IST" name="testDeleteUser" finished-at="2024-03-11T09:16:55 IST" duration-ms="2874" status="PASS">
          <reporter-output>
          </reporter-output>
        </test-method> <!-- testDeleteUser -->
      </class> <!-- api.test.UserApiTest2 -->
    </test> <!-- UserModule -->
  </suite> <!-- ApiSuite -->
</testng-results>
