<?xml version="1.0" encoding="UTF-8"?>
<testng-results ignored="0" total="4" passed="4" failed="0" skipped="0">
  <reporter-output>
  </reporter-output>
  <suite started-at="2024-03-09T20:30:41 IST" name="ApiSuite" finished-at="2024-03-09T20:30:59 IST" duration-ms="17919">
    <groups>
    </groups>
    <test started-at="2024-03-09T20:30:41 IST" name="UserModule" finished-at="2024-03-09T20:30:59 IST" duration-ms="17919">
      <class name="api.test.UserApiTest2">
        <test-method is-config="true" signature="setUpData()[pri:0, instance:api.test.UserApiTest2@7bba5817]" started-at="2024-03-09T20:30:42 IST" name="setUpData" finished-at="2024-03-09T20:30:44 IST" duration-ms="1885" status="PASS">
          <reporter-output>
          </reporter-output>
        </test-method> <!-- setUpData -->
        <test-method signature="testPostUser()[pri:1, instance:api.test.UserApiTest2@7bba5817]" started-at="2024-03-09T20:30:44 IST" name="testPostUser" finished-at="2024-03-09T20:30:51 IST" duration-ms="7022" status="PASS">
          <reporter-output>
          </reporter-output>
        </test-method> <!-- testPostUser -->
        <test-method signature="testGetUser()[pri:2, instance:api.test.UserApiTest2@7bba5817]" started-at="2024-03-09T20:30:51 IST" name="testGetUser" finished-at="2024-03-09T20:30:54 IST" duration-ms="2989" status="PASS">
          <reporter-output>
          </reporter-output>
        </test-method> <!-- testGetUser -->
        <test-method signature="testUpdateUser()[pri:3, instance:api.test.UserApiTest2@7bba5817]" started-at="2024-03-09T20:30:54 IST" name="testUpdateUser" finished-at="2024-03-09T20:30:56 IST" duration-ms="2346" status="PASS">
          <reporter-output>
          </reporter-output>
        </test-method> <!-- testUpdateUser -->
        <test-method signature="testDeleteUser()[pri:4, instance:api.test.UserApiTest2@7bba5817]" started-at="2024-03-09T20:30:56 IST" name="testDeleteUser" finished-at="2024-03-09T20:30:59 IST" duration-ms="2869" status="PASS">
          <reporter-output>
          </reporter-output>
        </test-method> <!-- testDeleteUser -->
      </class> <!-- api.test.UserApiTest2 -->
    </test> <!-- UserModule -->
  </suite> <!-- ApiSuite -->
</testng-results>
