<?xml version="1.0" encoding="UTF-8"?>
<!-- Generated by org.testng.reporters.JUnitXMLReporter -->
<testsuite ignored="0" hostname="DESKTOP-AOKPDUC" failures="0" tests="4" name="UserModule" time="17.919" errors="0" timestamp="2024-03-09T20:31:00 IST">
  <testcase classname="api.test.UserApiTest2" name="testPostUser" time="7.022"/>
  <testcase classname="api.test.UserApiTest2" name="testGetUser" time="2.989"/>
  <testcase classname="api.test.UserApiTest2" name="testUpdateUser" time="2.346"/>
  <testcase classname="api.test.UserApiTest2" name="testDeleteUser" time="2.869"/>
</testsuite> <!-- UserModule -->
